Making predictions with model version: 0.1.1Inputs:      longitude  latitude  housing_median_age  total_rooms  ...  households  median_income  median_house_value  ocean_proximity
99     -122.03     37.86                29.0       3025.0  ...       452.0         6.1120            390600.0         NEAR BAY
100    -117.02     32.81                14.0       3173.0  ...       585.0         3.7292            182200.0        <1H OCEAN
101    -121.64     37.14                14.0       5487.0  ...       979.0         4.1750            229800.0        <1H OCEAN
102    -118.47     34.02                35.0       3057.0  ...       732.0         2.0745            332500.0        <1H OCEAN
103    -117.70     33.50                 4.0       2351.0  ...       397.0         5.5677            245400.0        <1H OCEAN
..         ...       ...                 ...          ...  ...         ...            ...                 ...              ...
595    -117.00     32.79                31.0       3256.0  ...       706.0         3.4773            155800.0        <1H OCEAN
596    -117.47     33.93                33.0        919.0  ...       235.0         3.4028            110500.0           INLAND
597    -122.14     37.90                32.0       5738.0  ...       732.0        10.3224            500001.0         NEAR BAY
598    -118.22     33.94                41.0        928.0  ...       236.0         3.4323            144600.0        <1H OCEAN
599    -122.19     37.83                28.0       1326.0  ...       190.0         8.2049            335200.0         NEAR BAY

[497 rows x 10 columns]Predictions: [12.83253863 12.11128434 12.3308108  12.68022157 12.39293171 12.07907672
 12.50954213 12.14993568 11.42617335 11.09629525 12.65045943 12.31587666
 11.16367237 12.30070293 12.98988777 12.04684563 11.52764347 11.94670059
 12.01921645 11.45362063 12.13436025 11.91465749 12.57056197 12.70270844
 12.33532737 12.81073861 11.46190817 12.71704333 12.63447354 12.28441763
 11.42295448 12.1200682  11.95347179 12.17258498 11.16508508 12.65864324
 12.70852371 11.87817548 11.64000543 11.13204663 11.84505694 12.21538908
 12.09979452 11.69235606 11.8429911  12.1696613  12.21259496 13.06608359
 11.28305026 12.0606372  13.06608359 12.86280138 11.50130154 10.76306054
 11.25651279 12.59047448 12.00886077 11.72571299 11.08560803 12.34995987
 12.48573609 12.01001701 12.89167096 11.32449698 11.83468233 12.26122522
 12.24198169 12.04183101 11.84505694 11.9405026  12.1479403  11.63400571
 12.88825278 12.02492098 12.16182035 12.19327764 11.84505694 12.36397211
 12.95352209 12.16083565 11.42617335 12.73466173 12.73385575 11.10234845
 11.20516189 12.2541105  11.91784741 12.47448887 11.68992779 10.96456245
 12.37542703 11.99428715 12.4829368  11.93925812 12.05017399 11.60696829
 12.33900677 12.05899279 13.06608359 11.90437685 12.54399983 12.04127219
 12.68815293 11.22391793 11.84022962 13.06608359 11.73115987 12.04350551
 11.96988933 13.06608359 12.53971939 11.66363079 12.39100267 12.42513742
 12.66038774 11.30521867 11.78396996 11.04642225 12.28441763 11.56166225
 12.00014357 12.24918789 12.24469045 11.86614382 13.06608359 11.98839424
 11.49733588 12.31587666 12.11542808 11.64596732 12.23790394 11.43788301
 11.87217878 12.18802711 11.21992997 12.90117666 12.68476192 12.23790394
 11.9722975  11.81855023 12.18993977 12.47165605 11.29296709 12.9123698
 12.10189398 12.46131533 11.54386046 11.93426373 11.93863526 12.79575321
 11.95347179 12.24739148 11.98484078 11.87418191 11.45153735 12.05072758
 12.04795638 12.51531653 12.35438612 12.09293889 12.42922621 11.76094559
 11.2717681  12.24062439 12.93675503 11.24879185 12.88825278 12.2111948
 12.30621045 12.40213674 11.36191335 12.8760753  12.25989528 11.92735311
 13.06608359 11.57822354 11.41756524 12.24062439 11.8634492  11.82419266
 11.73348468 12.12109626 12.72873525 11.87284696 11.83746004 13.06608359
 12.73627161 12.79650814 12.33900677 12.57597662 12.84097587 12.64957837
 11.41756524 13.06608359 11.87751105 12.51022331 12.13334652 11.6619627
 11.64085943 11.49832885 12.27311127 11.97349929 12.05954124 11.64256513
 11.67769206 12.49096253 13.06608359 11.48332363 12.09240947 11.79346098
 12.39138879 12.89371595 11.37104065 12.63178276 13.06608359 13.06608359
 11.50623535 12.72846498 11.7905508  12.40518528 13.06608359 11.95592207
 11.73348468 12.38906968 12.29687115 12.67623081 12.17355754 12.8030258
 12.76088071 11.70918157 11.82910232 11.87418191 11.51016395 12.32957526
 12.47165605 12.00305824 11.20651401 11.98602675 11.93613972 12.83616381
 12.34510748 12.16329549 11.04321612 11.9931115  11.7766038  11.4164837
 12.20557333 13.06608359 10.97324763 13.06608359 12.37934505 11.32687937
 11.56536768 12.16378669 12.76400994 11.94793533 12.38829538 11.67769206
 11.85939283 11.2717681  11.99369951 12.24107704 11.59270511 12.29302378
 12.74984615 12.43366663 12.4028998  12.61821281 11.90373059 13.06608359
 11.75491169 12.10189398 11.8248956  13.06608359 13.06608359 11.94236627
 12.74772965 12.48852711 11.69397145 12.47731324 12.15787537 11.15942154
 12.0865662  12.46845894 11.6752258  11.94484545 12.22832027 11.53148432
 12.71813707 10.76736948 12.02093142 12.21956485 11.95592207 12.12263625
 12.11594478 11.72415096 12.69265546 11.32330353 11.18326084 12.1509318
 12.82670927 12.71841031 12.39869534 11.53626356 12.68107455 12.29259533
 11.136422   12.34591794 11.23184375 11.08253222 13.06608359 12.95841001
 12.1200682  13.01756803 11.97469956 12.20557333 12.32709932 11.90695751
 12.31336455 11.08407137 12.72873525 11.07479866 11.75491169 13.06608359
 10.91255225 12.35116908 12.85951243 11.52764347 11.78250131 12.49096253
 12.59109981 11.78176613 10.85555855 12.00305824 12.07315024 12.44138757
 12.00072722 12.78639244 11.86950133 11.16790419 11.4721665  12.44065495
 11.70040555 11.65526075 13.06608359 12.2003908  12.12775151 12.10451178
 12.23380854 13.06608359 11.64596732 11.15086212 12.54301375 11.72882933
 11.95285822 12.12366151 11.38344858 11.23709097 11.22524352 12.28959071
 12.84957637 12.32585891 12.31879905 12.17549965 11.78763163 12.89371595
 12.19041733 12.77282028 12.61334063 10.81556066 12.22556415 10.98527443
 11.50721903 11.50525064 12.12877125 12.17840536 12.37188688 11.29543013
 12.44358202 12.35639123 11.81144953 12.65251203 11.53816852 12.05017399
 12.12519733 12.31879905 11.45569933 11.80930888 12.74081814 12.38246783
 11.48433142 12.74295014 12.06935942 11.83119868 11.85871508 11.10986087
 11.44105155 11.60164477 11.50623535 11.88874329 12.00305824 13.06608359
 12.03847311 11.56166225 12.84814837 11.21324578 11.79127918 13.06608359
 10.9593128  12.94624989 12.19184856 12.1221232  11.48332363 11.58186477
 11.64935733 11.50623535 11.20921247 10.9801388  12.15984992 12.83399037
 12.05844402 12.45736323 12.75301204 11.11135622 11.95347179 12.93175362
 12.08122263 12.77101309 11.53626356 11.59807904 13.06608359 12.73466173
 11.65526075 11.83537752 11.53435476 13.06608359 12.50681252 12.39254622
 11.54386046 12.53143295 13.06608359 11.42617335 11.55794225 12.00596395
 10.9680461  11.76244806 12.55899229 11.64511792 12.2638795  12.13840434
 12.72873525 11.20245183 10.480837   11.3721754  11.24749888 11.39900866
 11.67851272 12.26784702 12.00596395 11.70679618 11.98008199 12.62698016
 12.70631258 12.03397727 12.96643075 12.73278005 10.76736948 11.42402865
 11.98957576 12.19944547 12.1779217  11.40450438 12.45592199 11.92987191
 12.02492098 11.44630898 12.17743778 12.72873525 11.78982185 12.00305824
 13.06608359 11.61927453 10.85946686 12.16280403 11.65526075 12.11387631
 11.79708616 12.97020644 11.04802126 11.52956585 12.26784702 11.81144953
 11.96323507 11.6382951  13.06608359 11.89267597 12.68787081]
